Changing to directory: /ocean/projects/mat250017p/desantos/projects/9x4x4_BTO_with_acid
Loading modules...
Starting executable: /ocean/projects/mat250017p/desantos/seqquest/lcao.x
/ocean/projects/mat250017p/desantos/seqquest/lcao.x: /lib64/libm.so.6: version `GLIBC_2.29' not found (required by /ocean/projects/mat250017p/desantos/seqquest/lcao.x)
/ocean/projects/mat250017p/desantos/seqquest/lcao.x: /lib64/libm.so.6: version `GLIBC_2.29' not found (required by /ocean/projects/mat250017p/desantos/seqquest/lcao.x)
/ocean/projects/mat250017p/desantos/seqquest/lcao.x: /lib64/libm.so.6: version `GLIBC_2.29' not found (required by /ocean/projects/mat250017p/desantos/seqquest/lcao.x)
/ocean/projects/mat250017p/desantos/seqquest/lcao.x: /lib64/libm.so.6: version `GLIBC_2.29' not found (required by /ocean/projects/mat250017p/desantos/seqquest/lcao.x)
/ocean/projects/mat250017p/desantos/seqquest/lcao.x: /lib64/libm.so.6: version `GLIBC_2.29' not found (required by /ocean/projects/mat250017p/desantos/seqquest/lcao.x)
/ocean/projects/mat250017p/desantos/seqquest/lcao.x: /lib64/libm.so.6: version `GLIBC_2.29' not found (required by /ocean/projects/mat250017p/desantos/seqquest/lcao.x)
/ocean/projects/mat250017p/desantos/seqquest/lcao.x: /lib64/libm.so.6: version `GLIBC_2.29' not found (required by /ocean/projects/mat250017p/desantos/seqquest/lcao.x)
/ocean/projects/mat250017p/desantos/seqquest/lcao.x: /lib64/libm.so.6: version `GLIBC_2.29' not found (required by /ocean/projects/mat250017p/desantos/seqquest/lcao.x)
/ocean/projects/mat250017p/desantos/seqquest/lcao.x: /lib64/libm.so.6: version `GLIBC_2.29' not found (required by /ocean/projects/mat250017p/desantos/seqquest/lcao.x)
/ocean/projects/mat250017p/desantos/seqquest/lcao.x: /lib64/libm.so.6: version `GLIBC_2.29' not found (required by /ocean/projects/mat250017p/desantos/seqquest/lcao.x)
/ocean/projects/mat250017p/desantos/seqquest/lcao.x: /lib64/libm.so.6: version `GLIBC_2.29' not found (required by /ocean/projects/mat250017p/desantos/seqquest/lcao.x)
/ocean/projects/mat250017p/desantos/seqquest/lcao.x: /lib64/libm.so.6: version `GLIBC_2.29' not found (required by /ocean/projects/mat250017p/desantos/seqquest/lcao.x)
/ocean/projects/mat250017p/desantos/seqquest/lcao.x: /lib64/libm.so.6: version `GLIBC_2.29' not found (required by /ocean/projects/mat250017p/desantos/seqquest/lcao.x)
/ocean/projects/mat250017p/desantos/seqquest/lcao.x: /lib64/libm.so.6: version `GLIBC_2.29' not found (required by /ocean/projects/mat250017p/desantos/seqquest/lcao.x)
/ocean/projects/mat250017p/desantos/seqquest/lcao.x: /lib64/libm.so.6: version `GLIBC_2.29' not found (required by /ocean/projects/mat250017p/desantos/seqquest/lcao.x)
/ocean/projects/mat250017p/desantos/seqquest/lcao.x: /lib64/libm.so.6: version `GLIBC_2.29' not found (required by /ocean/projects/mat250017p/desantos/seqquest/lcao.x)
/ocean/projects/mat250017p/desantos/seqquest/lcao.x: /lib64/libm.so.6: version `GLIBC_2.29' not found (required by /ocean/projects/mat250017p/desantos/seqquest/lcao.x)
/ocean/projects/mat250017p/desantos/seqquest/lcao.x: /lib64/libm.so.6: version `GLIBC_2.29' not found (required by /ocean/projects/mat250017p/desantos/seqquest/lcao.x)
/ocean/projects/mat250017p/desantos/seqquest/lcao.x: /lib64/libm.so.6: version `GLIBC_2.29' not found (required by /ocean/projects/mat250017p/desantos/seqquest/lcao.x)
/ocean/projects/mat250017p/desantos/seqquest/lcao.x: /lib64/libm.so.6: version `GLIBC_2.29' not found (required by /ocean/projects/mat250017p/desantos/seqquest/lcao.x)
/ocean/projects/mat250017p/desantos/seqquest/lcao.x: /lib64/libm.so.6: version `GLIBC_2.29' not found (required by /ocean/projects/mat250017p/desantos/seqquest/lcao.x)
/ocean/projects/mat250017p/desantos/seqquest/lcao.x: /lib64/libm.so.6: version `GLIBC_2.29' not found (required by /ocean/projects/mat250017p/desantos/seqquest/lcao.x)
/ocean/projects/mat250017p/desantos/seqquest/lcao.x: /lib64/libm.so.6: version `GLIBC_2.29' not found (required by /ocean/projects/mat250017p/desantos/seqquest/lcao.x)
/ocean/projects/mat250017p/desantos/seqquest/lcao.x: /lib64/libm.so.6: version `GLIBC_2.29' not found (required by /ocean/projects/mat250017p/desantos/seqquest/lcao.x)
/ocean/projects/mat250017p/desantos/seqquest/lcao.x: /lib64/libm.so.6: version `GLIBC_2.29' not found (required by /ocean/projects/mat250017p/desantos/seqquest/lcao.x)
/ocean/projects/mat250017p/desantos/seqquest/lcao.x: /lib64/libm.so.6: version `GLIBC_2.29' not found (required by /ocean/projects/mat250017p/desantos/seqquest/lcao.x)
/ocean/projects/mat250017p/desantos/seqquest/lcao.x: /lib64/libm.so.6: version `GLIBC_2.29' not found (required by /ocean/projects/mat250017p/desantos/seqquest/lcao.x)
/ocean/projects/mat250017p/desantos/seqquest/lcao.x: /lib64/libm.so.6: version `GLIBC_2.29' not found (required by /ocean/projects/mat250017p/desantos/seqquest/lcao.x)
/ocean/projects/mat250017p/desantos/seqquest/lcao.x: /lib64/libm.so.6: version `GLIBC_2.29' not found (required by /ocean/projects/mat250017p/desantos/seqquest/lcao.x)
/ocean/projects/mat250017p/desantos/seqquest/lcao.x: /lib64/libm.so.6: version `GLIBC_2.29' not found (required by /ocean/projects/mat250017p/desantos/seqquest/lcao.x)
/ocean/projects/mat250017p/desantos/seqquest/lcao.x: /lib64/libm.so.6: version `GLIBC_2.29' not found (required by /ocean/projects/mat250017p/desantos/seqquest/lcao.x)
/ocean/projects/mat250017p/desantos/seqquest/lcao.x: /lib64/libm.so.6: version `GLIBC_2.29' not found (required by /ocean/projects/mat250017p/desantos/seqquest/lcao.x)
/ocean/projects/mat250017p/desantos/seqquest/lcao.x: /lib64/libm.so.6: version `GLIBC_2.29' not found (required by /ocean/projects/mat250017p/desantos/seqquest/lcao.x)
/ocean/projects/mat250017p/desantos/seqquest/lcao.x: /lib64/libm.so.6: version `GLIBC_2.29' not found (required by /ocean/projects/mat250017p/desantos/seqquest/lcao.x)
/ocean/projects/mat250017p/desantos/seqquest/lcao.x: /lib64/libm.so.6: version `GLIBC_2.29' not found (required by /ocean/projects/mat250017p/desantos/seqquest/lcao.x)
/ocean/projects/mat250017p/desantos/seqquest/lcao.x: /lib64/libm.so.6: version `GLIBC_2.29' not found (required by /ocean/projects/mat250017p/desantos/seqquest/lcao.x)
/ocean/projects/mat250017p/desantos/seqquest/lcao.x: /lib64/libm.so.6: version `GLIBC_2.29' not found (required by /ocean/projects/mat250017p/desantos/seqquest/lcao.x)
/ocean/projects/mat250017p/desantos/seqquest/lcao.x: /lib64/libm.so.6: version `GLIBC_2.29' not found (required by /ocean/projects/mat250017p/desantos/seqquest/lcao.x)
/ocean/projects/mat250017p/desantos/seqquest/lcao.x: /lib64/libm.so.6: version `GLIBC_2.29' not found (required by /ocean/projects/mat250017p/desantos/seqquest/lcao.x)
/ocean/projects/mat250017p/desantos/seqquest/lcao.x: /lib64/libm.so.6: version `GLIBC_2.29' not found (required by /ocean/projects/mat250017p/desantos/seqquest/lcao.x)
/ocean/projects/mat250017p/desantos/seqquest/lcao.x: /lib64/libm.so.6: version `GLIBC_2.29' not found (required by /ocean/projects/mat250017p/desantos/seqquest/lcao.x)
/ocean/projects/mat250017p/desantos/seqquest/lcao.x: /lib64/libm.so.6: version `GLIBC_2.29' not found (required by /ocean/projects/mat250017p/desantos/seqquest/lcao.x)
/ocean/projects/mat250017p/desantos/seqquest/lcao.x: /lib64/libm.so.6: version `GLIBC_2.29' not found (required by /ocean/projects/mat250017p/desantos/seqquest/lcao.x)
/ocean/projects/mat250017p/desantos/seqquest/lcao.x: /lib64/libm.so.6: version `GLIBC_2.29' not found (required by /ocean/projects/mat250017p/desantos/seqquest/lcao.x)
/ocean/projects/mat250017p/desantos/seqquest/lcao.x: /lib64/libm.so.6: version `GLIBC_2.29' not found (required by /ocean/projects/mat250017p/desantos/seqquest/lcao.x)
/ocean/projects/mat250017p/desantos/seqquest/lcao.x: /lib64/libm.so.6: version `GLIBC_2.29' not found (required by /ocean/projects/mat250017p/desantos/seqquest/lcao.x)
/ocean/projects/mat250017p/desantos/seqquest/lcao.x: /lib64/libm.so.6: version `GLIBC_2.29' not found (required by /ocean/projects/mat250017p/desantos/seqquest/lcao.x)
/ocean/projects/mat250017p/desantos/seqquest/lcao.x: /lib64/libm.so.6: version `GLIBC_2.29' not found (required by /ocean/projects/mat250017p/desantos/seqquest/lcao.x)
/ocean/projects/mat250017p/desantos/seqquest/lcao.x: /lib64/libm.so.6: version `GLIBC_2.29' not found (required by /ocean/projects/mat250017p/desantos/seqquest/lcao.x)
/ocean/projects/mat250017p/desantos/seqquest/lcao.x: /lib64/libm.so.6: version `GLIBC_2.29' not found (required by /ocean/projects/mat250017p/desantos/seqquest/lcao.x)
/ocean/projects/mat250017p/desantos/seqquest/lcao.x: /lib64/libm.so.6: version `GLIBC_2.29' not found (required by /ocean/projects/mat250017p/desantos/seqquest/lcao.x)
/ocean/projects/mat250017p/desantos/seqquest/lcao.x: /lib64/libm.so.6: version `GLIBC_2.29' not found (required by /ocean/projects/mat250017p/desantos/seqquest/lcao.x)
/ocean/projects/mat250017p/desantos/seqquest/lcao.x: /lib64/libm.so.6: version `GLIBC_2.29' not found (required by /ocean/projects/mat250017p/desantos/seqquest/lcao.x)
/ocean/projects/mat250017p/desantos/seqquest/lcao.x: /lib64/libm.so.6: version `GLIBC_2.29' not found (required by /ocean/projects/mat250017p/desantos/seqquest/lcao.x)
/ocean/projects/mat250017p/desantos/seqquest/lcao.x: /lib64/libm.so.6: version `GLIBC_2.29' not found (required by /ocean/projects/mat250017p/desantos/seqquest/lcao.x)
/ocean/projects/mat250017p/desantos/seqquest/lcao.x: /lib64/libm.so.6: version `GLIBC_2.29' not found (required by /ocean/projects/mat250017p/desantos/seqquest/lcao.x)
/ocean/projects/mat250017p/desantos/seqquest/lcao.x: /lib64/libm.so.6: version `GLIBC_2.29' not found (required by /ocean/projects/mat250017p/desantos/seqquest/lcao.x)
/ocean/projects/mat250017p/desantos/seqquest/lcao.x: /lib64/libm.so.6: version `GLIBC_2.29' not found (required by /ocean/projects/mat250017p/desantos/seqquest/lcao.x)
/ocean/projects/mat250017p/desantos/seqquest/lcao.x: /lib64/libm.so.6: version `GLIBC_2.29' not found (required by /ocean/projects/mat250017p/desantos/seqquest/lcao.x)
/ocean/projects/mat250017p/desantos/seqquest/lcao.x: /lib64/libm.so.6: version `GLIBC_2.29' not found (required by /ocean/projects/mat250017p/desantos/seqquest/lcao.x)
/ocean/projects/mat250017p/desantos/seqquest/lcao.x: /lib64/libm.so.6: version `GLIBC_2.29' not found (required by /ocean/projects/mat250017p/desantos/seqquest/lcao.x)
/ocean/projects/mat250017p/desantos/seqquest/lcao.x: /lib64/libm.so.6: version `GLIBC_2.29' not found (required by /ocean/projects/mat250017p/desantos/seqquest/lcao.x)
/ocean/projects/mat250017p/desantos/seqquest/lcao.x: /lib64/libm.so.6: version `GLIBC_2.29' not found (required by /ocean/projects/mat250017p/desantos/seqquest/lcao.x)
/ocean/projects/mat250017p/desantos/seqquest/lcao.x: /lib64/libm.so.6: version `GLIBC_2.29' not found (required by /ocean/projects/mat250017p/desantos/seqquest/lcao.x)
/ocean/projects/mat250017p/desantos/seqquest/lcao.x: /lib64/libm.so.6: version `GLIBC_2.29' not found (required by /ocean/projects/mat250017p/desantos/seqquest/lcao.x)
/ocean/projects/mat250017p/desantos/seqquest/lcao.x: /lib64/libm.so.6: version `GLIBC_2.29' not found (required by /ocean/projects/mat250017p/desantos/seqquest/lcao.x)
/ocean/projects/mat250017p/desantos/seqquest/lcao.x: /lib64/libm.so.6: version `GLIBC_2.29' not found (required by /ocean/projects/mat250017p/desantos/seqquest/lcao.x)
/ocean/projects/mat250017p/desantos/seqquest/lcao.x: /lib64/libm.so.6: version `GLIBC_2.29' not found (required by /ocean/projects/mat250017p/desantos/seqquest/lcao.x)
/ocean/projects/mat250017p/desantos/seqquest/lcao.x: /lib64/libm.so.6: version `GLIBC_2.29' not found (required by /ocean/projects/mat250017p/desantos/seqquest/lcao.x)
/ocean/projects/mat250017p/desantos/seqquest/lcao.x: /lib64/libm.so.6: version `GLIBC_2.29' not found (required by /ocean/projects/mat250017p/desantos/seqquest/lcao.x)
/ocean/projects/mat250017p/desantos/seqquest/lcao.x: /lib64/libm.so.6: version `GLIBC_2.29' not found (required by /ocean/projects/mat250017p/desantos/seqquest/lcao.x)
/ocean/projects/mat250017p/desantos/seqquest/lcao.x: /lib64/libm.so.6: version `GLIBC_2.29' not found (required by /ocean/projects/mat250017p/desantos/seqquest/lcao.x)
/ocean/projects/mat250017p/desantos/seqquest/lcao.x: /lib64/libm.so.6: version `GLIBC_2.29' not found (required by /ocean/projects/mat250017p/desantos/seqquest/lcao.x)
/ocean/projects/mat250017p/desantos/seqquest/lcao.x: /lib64/libm.so.6: version `GLIBC_2.29' not found (required by /ocean/projects/mat250017p/desantos/seqquest/lcao.x)
/ocean/projects/mat250017p/desantos/seqquest/lcao.x: /lib64/libm.so.6: version `GLIBC_2.29' not found (required by /ocean/projects/mat250017p/desantos/seqquest/lcao.x)
/ocean/projects/mat250017p/desantos/seqquest/lcao.x: /lib64/libm.so.6: version `GLIBC_2.29' not found (required by /ocean/projects/mat250017p/desantos/seqquest/lcao.x)
/ocean/projects/mat250017p/desantos/seqquest/lcao.x: /lib64/libm.so.6: version `GLIBC_2.29' not found (required by /ocean/projects/mat250017p/desantos/seqquest/lcao.x)
/ocean/projects/mat250017p/desantos/seqquest/lcao.x: /lib64/libm.so.6: version `GLIBC_2.29' not found (required by /ocean/projects/mat250017p/desantos/seqquest/lcao.x)
/ocean/projects/mat250017p/desantos/seqquest/lcao.x: /lib64/libm.so.6: version `GLIBC_2.29' not found (required by /ocean/projects/mat250017p/desantos/seqquest/lcao.x)
/ocean/projects/mat250017p/desantos/seqquest/lcao.x: /lib64/libm.so.6: version `GLIBC_2.29' not found (required by /ocean/projects/mat250017p/desantos/seqquest/lcao.x)
/ocean/projects/mat250017p/desantos/seqquest/lcao.x: /lib64/libm.so.6: version `GLIBC_2.29' not found (required by /ocean/projects/mat250017p/desantos/seqquest/lcao.x)
/ocean/projects/mat250017p/desantos/seqquest/lcao.x: /lib64/libm.so.6: version `GLIBC_2.29' not found (required by /ocean/projects/mat250017p/desantos/seqquest/lcao.x)
/ocean/projects/mat250017p/desantos/seqquest/lcao.x: /lib64/libm.so.6: version `GLIBC_2.29' not found (required by /ocean/projects/mat250017p/desantos/seqquest/lcao.x)
/ocean/projects/mat250017p/desantos/seqquest/lcao.x: /lib64/libm.so.6: version `GLIBC_2.29' not found (required by /ocean/projects/mat250017p/desantos/seqquest/lcao.x)
/ocean/projects/mat250017p/desantos/seqquest/lcao.x: /lib64/libm.so.6: version `GLIBC_2.29' not found (required by /ocean/projects/mat250017p/desantos/seqquest/lcao.x)
/ocean/projects/mat250017p/desantos/seqquest/lcao.x: /lib64/libm.so.6: version `GLIBC_2.29' not found (required by /ocean/projects/mat250017p/desantos/seqquest/lcao.x)
/ocean/projects/mat250017p/desantos/seqquest/lcao.x: /lib64/libm.so.6: version `GLIBC_2.29' not found (required by /ocean/projects/mat250017p/desantos/seqquest/lcao.x)
/ocean/projects/mat250017p/desantos/seqquest/lcao.x: /lib64/libm.so.6: version `GLIBC_2.29' not found (required by /ocean/projects/mat250017p/desantos/seqquest/lcao.x)
/ocean/projects/mat250017p/desantos/seqquest/lcao.x: /lib64/libm.so.6: version `GLIBC_2.29' not found (required by /ocean/projects/mat250017p/desantos/seqquest/lcao.x)
/ocean/projects/mat250017p/desantos/seqquest/lcao.x: /lib64/libm.so.6: version `GLIBC_2.29' not found (required by /ocean/projects/mat250017p/desantos/seqquest/lcao.x)
/ocean/projects/mat250017p/desantos/seqquest/lcao.x: /lib64/libm.so.6: version `GLIBC_2.29' not found (required by /ocean/projects/mat250017p/desantos/seqquest/lcao.x)
/ocean/projects/mat250017p/desantos/seqquest/lcao.x: /lib64/libm.so.6: version `GLIBC_2.29' not found (required by /ocean/projects/mat250017p/desantos/seqquest/lcao.x)
/ocean/projects/mat250017p/desantos/seqquest/lcao.x: /lib64/libm.so.6: version `GLIBC_2.29' not found (required by /ocean/projects/mat250017p/desantos/seqquest/lcao.x)
/ocean/projects/mat250017p/desantos/seqquest/lcao.x: /lib64/libm.so.6: version `GLIBC_2.29' not found (required by /ocean/projects/mat250017p/desantos/seqquest/lcao.x)
/ocean/projects/mat250017p/desantos/seqquest/lcao.x: /lib64/libm.so.6: version `GLIBC_2.29' not found (required by /ocean/projects/mat250017p/desantos/seqquest/lcao.x)
/ocean/projects/mat250017p/desantos/seqquest/lcao.x: /lib64/libm.so.6: version `GLIBC_2.29' not found (required by /ocean/projects/mat250017p/desantos/seqquest/lcao.x)
/ocean/projects/mat250017p/desantos/seqquest/lcao.x: /lib64/libm.so.6: version `GLIBC_2.29' not found (required by /ocean/projects/mat250017p/desantos/seqquest/lcao.x)
/ocean/projects/mat250017p/desantos/seqquest/lcao.x: /lib64/libm.so.6: version `GLIBC_2.29' not found (required by /ocean/projects/mat250017p/desantos/seqquest/lcao.x)
/ocean/projects/mat250017p/desantos/seqquest/lcao.x: /lib64/libm.so.6: version `GLIBC_2.29' not found (required by /ocean/projects/mat250017p/desantos/seqquest/lcao.x)
/ocean/projects/mat250017p/desantos/seqquest/lcao.x: /lib64/libm.so.6: version `GLIBC_2.29' not found (required by /ocean/projects/mat250017p/desantos/seqquest/lcao.x)
/ocean/projects/mat250017p/desantos/seqquest/lcao.x: /lib64/libm.so.6: version `GLIBC_2.29' not found (required by /ocean/projects/mat250017p/desantos/seqquest/lcao.x)
/ocean/projects/mat250017p/desantos/seqquest/lcao.x: /lib64/libm.so.6: version `GLIBC_2.29' not found (required by /ocean/projects/mat250017p/desantos/seqquest/lcao.x)
/ocean/projects/mat250017p/desantos/seqquest/lcao.x: /lib64/libm.so.6: version `GLIBC_2.29' not found (required by /ocean/projects/mat250017p/desantos/seqquest/lcao.x)
/ocean/projects/mat250017p/desantos/seqquest/lcao.x: /lib64/libm.so.6: version `GLIBC_2.29' not found (required by /ocean/projects/mat250017p/desantos/seqquest/lcao.x)
/ocean/projects/mat250017p/desantos/seqquest/lcao.x: /lib64/libm.so.6: version `GLIBC_2.29' not found (required by /ocean/projects/mat250017p/desantos/seqquest/lcao.x)
/ocean/projects/mat250017p/desantos/seqquest/lcao.x: /lib64/libm.so.6: version `GLIBC_2.29' not found (required by /ocean/projects/mat250017p/desantos/seqquest/lcao.x)
/ocean/projects/mat250017p/desantos/seqquest/lcao.x: /lib64/libm.so.6: version `GLIBC_2.29' not found (required by /ocean/projects/mat250017p/desantos/seqquest/lcao.x)
/ocean/projects/mat250017p/desantos/seqquest/lcao.x: /lib64/libm.so.6: version `GLIBC_2.29' not found (required by /ocean/projects/mat250017p/desantos/seqquest/lcao.x)
/ocean/projects/mat250017p/desantos/seqquest/lcao.x: /lib64/libm.so.6: version `GLIBC_2.29' not found (required by /ocean/projects/mat250017p/desantos/seqquest/lcao.x)
/ocean/projects/mat250017p/desantos/seqquest/lcao.x: /lib64/libm.so.6: version `GLIBC_2.29' not found (required by /ocean/projects/mat250017p/desantos/seqquest/lcao.x)
/ocean/projects/mat250017p/desantos/seqquest/lcao.x: /lib64/libm.so.6: version `GLIBC_2.29' not found (required by /ocean/projects/mat250017p/desantos/seqquest/lcao.x)
/ocean/projects/mat250017p/desantos/seqquest/lcao.x: /lib64/libm.so.6: version `GLIBC_2.29' not found (required by /ocean/projects/mat250017p/desantos/seqquest/lcao.x)
/ocean/projects/mat250017p/desantos/seqquest/lcao.x: /lib64/libm.so.6: version `GLIBC_2.29' not found (required by /ocean/projects/mat250017p/desantos/seqquest/lcao.x)
/ocean/projects/mat250017p/desantos/seqquest/lcao.x: /lib64/libm.so.6: version `GLIBC_2.29' not found (required by /ocean/projects/mat250017p/desantos/seqquest/lcao.x)
/ocean/projects/mat250017p/desantos/seqquest/lcao.x: /lib64/libm.so.6: version `GLIBC_2.29' not found (required by /ocean/projects/mat250017p/desantos/seqquest/lcao.x)
/ocean/projects/mat250017p/desantos/seqquest/lcao.x: /lib64/libm.so.6: version `GLIBC_2.29' not found (required by /ocean/projects/mat250017p/desantos/seqquest/lcao.x)
/ocean/projects/mat250017p/desantos/seqquest/lcao.x: /lib64/libm.so.6: version `GLIBC_2.29' not found (required by /ocean/projects/mat250017p/desantos/seqquest/lcao.x)
/ocean/projects/mat250017p/desantos/seqquest/lcao.x: /lib64/libm.so.6: version `GLIBC_2.29' not found (required by /ocean/projects/mat250017p/desantos/seqquest/lcao.x)
/ocean/projects/mat250017p/desantos/seqquest/lcao.x: /lib64/libm.so.6: version `GLIBC_2.29' not found (required by /ocean/projects/mat250017p/desantos/seqquest/lcao.x)
/ocean/projects/mat250017p/desantos/seqquest/lcao.x: /lib64/libm.so.6: version `GLIBC_2.29' not found (required by /ocean/projects/mat250017p/desantos/seqquest/lcao.x)
/ocean/projects/mat250017p/desantos/seqquest/lcao.x: /lib64/libm.so.6: version `GLIBC_2.29' not found (required by /ocean/projects/mat250017p/desantos/seqquest/lcao.x)
/ocean/projects/mat250017p/desantos/seqquest/lcao.x: /lib64/libm.so.6: version `GLIBC_2.29' not found (required by /ocean/projects/mat250017p/desantos/seqquest/lcao.x)
/ocean/projects/mat250017p/desantos/seqquest/lcao.x: /lib64/libm.so.6: version `GLIBC_2.29' not found (required by /ocean/projects/mat250017p/desantos/seqquest/lcao.x)
/ocean/projects/mat250017p/desantos/seqquest/lcao.x: /lib64/libm.so.6: version `GLIBC_2.29' not found (required by /ocean/projects/mat250017p/desantos/seqquest/lcao.x)
/ocean/projects/mat250017p/desantos/seqquest/lcao.x: /lib64/libm.so.6: version `GLIBC_2.29' not found (required by /ocean/projects/mat250017p/desantos/seqquest/lcao.x)
/ocean/projects/mat250017p/desantos/seqquest/lcao.x: /lib64/libm.so.6: version `GLIBC_2.29' not found (required by /ocean/projects/mat250017p/desantos/seqquest/lcao.x)
/ocean/projects/mat250017p/desantos/seqquest/lcao.x: /lib64/libm.so.6: version `GLIBC_2.29' not found (required by /ocean/projects/mat250017p/desantos/seqquest/lcao.x)
srun: error: r432: tasks 1-127: Exited with exit code 1
/ocean/projects/mat250017p/desantos/seqquest/lcao.x: /lib64/libm.so.6: version `GLIBC_2.29' not found (required by /ocean/projects/mat250017p/desantos/seqquest/lcao.x)
srun: error: r432: task 0: Exited with exit code 1
Job finished.
